Using pre-set license
Built from '6000.0/staging' branch; Version is '6000.0.30f1 (62b05ba0686a) revision 6467675'; Using compiler version '193933523'; Build Type 'Release'
OS: 'Windows 11  (10.0.26100) 64bit Professional' Language: 'en' Physical Memory: 32649 MB
BatchMode: 1, IsHumanControllingUs: 0, StartBugReporterOnCrash: 0, Is64bit: 1, IsPro: 1

COMMAND LINE ARGUMENTS:
C:\Program Files\Unity\Hub\Editor\6000.0.30f1\Editor\Unity.exe
-adb2
-batchMode
-noUpm
-name
AssetImportWorker1
-projectPath
C:/Users/Afan/Desktop/Code Quest Academy/Code Quest Academy
-logFile
Logs/AssetImportWorker1.log
-srvPort
61611
-job-worker-count
7
-background-job-worker-count
8
-asset-garbage-collectors
1
Successfully changed project path to: C:/Users/Afan/Desktop/Code Quest Academy/Code Quest Academy
C:/Users/Afan/Desktop/Code Quest Academy/Code Quest Academy
[UnityMemory] Configuration Parameters - Can be set up in boot.config
    "memorysetup-bucket-allocator-granularity=16"
    "memorysetup-bucket-allocator-bucket-count=8"
    "memorysetup-bucket-allocator-block-size=33554432"
    "memorysetup-bucket-allocator-block-count=8"
    "memorysetup-main-allocator-block-size=16777216"
    "memorysetup-thread-allocator-block-size=16777216"
    "memorysetup-gfx-main-allocator-block-size=16777216"
    "memorysetup-gfx-thread-allocator-block-size=16777216"
    "memorysetup-cache-allocator-block-size=4194304"
    "memorysetup-typetree-allocator-block-size=2097152"
    "memorysetup-profiler-bucket-allocator-granularity=16"
    "memorysetup-profiler-bucket-allocator-bucket-count=8"
    "memorysetup-profiler-bucket-allocator-block-size=33554432"
    "memorysetup-profiler-bucket-allocator-block-count=8"
    "memorysetup-profiler-allocator-block-size=16777216"
    "memorysetup-profiler-editor-allocator-block-size=1048576"
    "memorysetup-temp-allocator-size-main=16777216"
    "memorysetup-job-temp-allocator-block-size=2097152"
    "memorysetup-job-temp-allocator-block-size-background=1048576"
    "memorysetup-job-temp-allocator-reduction-small-platforms=262144"
    "memorysetup-allocator-temp-initial-block-size-main=262144"
    "memorysetup-allocator-temp-initial-block-size-worker=262144"
    "memorysetup-temp-allocator-size-background-worker=32768"
    "memorysetup-temp-allocator-size-job-worker=262144"
    "memorysetup-temp-allocator-size-preload-manager=33554432"
    "memorysetup-temp-allocator-size-nav-mesh-worker=65536"
    "memorysetup-temp-allocator-size-audio-worker=65536"
    "memorysetup-temp-allocator-size-cloud-worker=32768"
    "memorysetup-temp-allocator-size-gi-baking-worker=262144"
    "memorysetup-temp-allocator-size-gi-baking-worker=262144"
    "memorysetup-temp-allocator-size-gi-baking-worker=262144"
    "memorysetup-temp-allocator-size-gi-baking-worker=262144"
    "memorysetup-temp-allocator-size-gi-baking-worker=262144"
    "memorysetup-temp-allocator-size-gfx=262144"
Player connection [19572]  Target information:

Player connection [19572]  * "[IP] 192.168.1.17 [Port] 0 [Flags] 2 [Guid] 1055770681 [EditorId] 1055770681 [Version] 1048832 [Id] WindowsEditor(7,DESKTOP-C1CAHJ5) [Debug] 1 [PackageName] WindowsEditor [ProjectName] Editor" 

Player connection [19572] Host joined multi-casting on [225.0.0.222:54997]...
Player connection [19572] Host joined alternative multi-casting on [225.0.0.222:34997]...
JobSystem: Creating JobQueue using job-worker-count value 7
[Physics::Module] Initialized fallback backend.
[Physics::Module] Id: 0xdecafbad
Library Redirect Path: Library/
[Physics::Module] Selected backend.
[Physics::Module] Name: PhysX
[Physics::Module] Id: 0xf2b8ea05
[Physics::Module] SDK Version: 4.1.2
[Physics::Module] Integration Version: 1.0.0
[Physics::Module] Threading Mode: Multi-Threaded
Refreshing native plugins compatible for Editor in 2.37 ms, found 4 plugins.
Preloading 0 native plugins for Editor in 0.00 ms.
Initialize engine version: 6000.0.30f1 (62b05ba0686a)
[Subsystems] Discovering subsystems at path C:/Program Files/Unity/Hub/Editor/6000.0.30f1/Editor/Data/Resources/UnitySubsystems
[Subsystems] Discovering subsystems at path C:/Users/Afan/Desktop/Code Quest Academy/Code Quest Academy/Assets
GfxDevice: creating device client; kGfxThreadingModeNonThreaded
Direct3D:
    Version:  Direct3D 11.0 [level 11.1]
    Renderer: NVIDIA GeForce GTX 1660 SUPER (ID=0x21c4)
    Vendor:   NVIDIA
    VRAM:     5966 MB
    Driver:   32.0.15.6094
Initialize mono
Mono path[0] = 'C:/Program Files/Unity/Hub/Editor/6000.0.30f1/Editor/Data/Managed'
Mono path[1] = 'C:/Program Files/Unity/Hub/Editor/6000.0.30f1/Editor/Data/MonoBleedingEdge/lib/mono/unityjit-win32'
Mono config path = 'C:/Program Files/Unity/Hub/Editor/6000.0.30f1/Editor/Data/MonoBleedingEdge/etc'
Using monoOptions --debugger-agent=transport=dt_socket,embedding=1,server=y,suspend=n,address=127.0.0.1:56632
Begin MonoManager ReloadAssembly
Registering precompiled unity dll's ...
Register platform support module: C:/Program Files/Unity/Hub/Editor/6000.0.30f1/Editor/Data/PlaybackEngines/WindowsStandaloneSupport/UnityEditor.WindowsStandalone.Extensions.dll
Registered in 0.002291 seconds.
- Loaded All Assemblies, in  0.373 seconds
Native extension for WindowsStandalone target not found
Mono: successfully reloaded assembly
- Finished resetting the current domain, in  0.369 seconds
Domain Reload Profiling: 740ms
	BeginReloadAssembly (126ms)
		ExecutionOrderSort (0ms)
		DisableScriptedObjects (0ms)
		BackupInstance (0ms)
		ReleaseScriptingObjects (0ms)
		CreateAndSetChildDomain (1ms)
	RebuildCommonClasses (36ms)
	RebuildNativeTypeToScriptingClass (12ms)
	initialDomainReloadingComplete (48ms)
	LoadAllAssembliesAndSetupDomain (148ms)
		LoadAssemblies (124ms)
		RebuildTransferFunctionScriptingTraits (0ms)
		AnalyzeDomain (146ms)
			TypeCache.Refresh (144ms)
				TypeCache.ScanAssembly (132ms)
			BuildScriptInfoCaches (0ms)
			ResolveRequiredComponents (0ms)
	FinalizeReload (369ms)
		ReleaseScriptCaches (0ms)
		RebuildScriptCaches (0ms)
		SetupLoadedEditorAssemblies (325ms)
			LogAssemblyErrors (0ms)
			InitializePlatformSupportModulesInManaged (24ms)
			SetLoadedEditorAssemblies (5ms)
			BeforeProcessingInitializeOnLoad (67ms)
			ProcessInitializeOnLoadAttributes (167ms)
			ProcessInitializeOnLoadMethodAttributes (62ms)
			AfterProcessingInitializeOnLoad (0ms)
			EditorAssembliesLoaded (0ms)
		ExecutionOrderSort2 (0ms)
		AwakeInstancesAfterBackupRestoration (0ms)
========================================================================
Worker process is ready to serve import requests
Import Worker Mode flag is 0x00
Begin MonoManager ReloadAssembly
- Loaded All Assemblies, in  0.685 seconds
Refreshing native plugins compatible for Editor in 2.81 ms, found 4 plugins.
Native extension for WindowsStandalone target not found
Mono: successfully reloaded assembly
- Finished resetting the current domain, in  0.579 seconds
Domain Reload Profiling: 1261ms
	BeginReloadAssembly (170ms)
		ExecutionOrderSort (0ms)
		DisableScriptedObjects (6ms)
		BackupInstance (0ms)
		ReleaseScriptingObjects (0ms)
		CreateAndSetChildDomain (30ms)
	RebuildCommonClasses (36ms)
	RebuildNativeTypeToScriptingClass (12ms)
	initialDomainReloadingComplete (37ms)
	LoadAllAssembliesAndSetupDomain (426ms)
		LoadAssemblies (319ms)
		RebuildTransferFunctionScriptingTraits (0ms)
		AnalyzeDomain (211ms)
			TypeCache.Refresh (150ms)
				TypeCache.ScanAssembly (134ms)
			BuildScriptInfoCaches (52ms)
			ResolveRequiredComponents (5ms)
	FinalizeReload (579ms)
		ReleaseScriptCaches (0ms)
		RebuildScriptCaches (0ms)
		SetupLoadedEditorAssemblies (472ms)
			LogAssemblyErrors (0ms)
			InitializePlatformSupportModulesInManaged (2ms)
			SetLoadedEditorAssemblies (4ms)
			BeforeProcessingInitializeOnLoad (88ms)
			ProcessInitializeOnLoadAttributes (339ms)
			ProcessInitializeOnLoadMethodAttributes (36ms)
			AfterProcessingInitializeOnLoad (3ms)
			EditorAssembliesLoaded (0ms)
		ExecutionOrderSort2 (0ms)
		AwakeInstancesAfterBackupRestoration (5ms)
Launched and connected shader compiler UnityShaderCompiler.exe after 0.01 seconds
Refreshing native plugins compatible for Editor in 1.24 ms, found 4 plugins.
Preloading 0 native plugins for Editor in 0.00 ms.
Unloading 27 Unused Serialized files (Serialized files now loaded: 0)
Unloading 4311 unused Assets / (1.3 MB). Loaded Objects now: 4813.
Memory consumption went from 93.0 MB to 91.7 MB.
Total: 6.125100 ms (FindLiveObjects: 0.425800 ms CreateObjectMapping: 0.380800 ms MarkObjects: 4.180900 ms  DeleteObjects: 1.135500 ms)

========================================================================
Received Prepare
Begin MonoManager ReloadAssembly
- Loaded All Assemblies, in  0.612 seconds
Refreshing native plugins compatible for Editor in 1.16 ms, found 4 plugins.
Native extension for WindowsStandalone target not found
Mono: successfully reloaded assembly
- Finished resetting the current domain, in  0.623 seconds
Domain Reload Profiling: 1235ms
	BeginReloadAssembly (191ms)
		ExecutionOrderSort (0ms)
		DisableScriptedObjects (19ms)
		BackupInstance (0ms)
		ReleaseScriptingObjects (0ms)
		CreateAndSetChildDomain (41ms)
	RebuildCommonClasses (35ms)
	RebuildNativeTypeToScriptingClass (12ms)
	initialDomainReloadingComplete (27ms)
	LoadAllAssembliesAndSetupDomain (346ms)
		LoadAssemblies (291ms)
		RebuildTransferFunctionScriptingTraits (0ms)
		AnalyzeDomain (152ms)
			TypeCache.Refresh (9ms)
				TypeCache.ScanAssembly (1ms)
			BuildScriptInfoCaches (133ms)
			ResolveRequiredComponents (6ms)
	FinalizeReload (623ms)
		ReleaseScriptCaches (0ms)
		RebuildScriptCaches (0ms)
		SetupLoadedEditorAssemblies (496ms)
			LogAssemblyErrors (0ms)
			InitializePlatformSupportModulesInManaged (2ms)
			SetLoadedEditorAssemblies (5ms)
			BeforeProcessingInitializeOnLoad (104ms)
			ProcessInitializeOnLoadAttributes (327ms)
			ProcessInitializeOnLoadMethodAttributes (53ms)
			AfterProcessingInitializeOnLoad (5ms)
			EditorAssembliesLoaded (0ms)
		ExecutionOrderSort2 (0ms)
		AwakeInstancesAfterBackupRestoration (8ms)
Refreshing native plugins compatible for Editor in 1.20 ms, found 4 plugins.
Preloading 0 native plugins for Editor in 0.00 ms.
Unloading 0 Unused Serialized files (Serialized files now loaded: 0)
Unloading 4309 unused Assets / (1.2 MB). Loaded Objects now: 4816.
Memory consumption went from 87.4 MB to 86.2 MB.
Total: 5.976100 ms (FindLiveObjects: 0.450600 ms CreateObjectMapping: 0.459400 ms MarkObjects: 3.900500 ms  DeleteObjects: 1.164400 ms)

Prepare: number of updated asset objects reloaded= 0
========================================================================
Received Prepare
Begin MonoManager ReloadAssembly
- Loaded All Assemblies, in  0.614 seconds
Refreshing native plugins compatible for Editor in 1.18 ms, found 4 plugins.
Native extension for WindowsStandalone target not found
Mono: successfully reloaded assembly
- Finished resetting the current domain, in  0.571 seconds
Domain Reload Profiling: 1183ms
	BeginReloadAssembly (182ms)
		ExecutionOrderSort (0ms)
		DisableScriptedObjects (14ms)
		BackupInstance (0ms)
		ReleaseScriptingObjects (0ms)
		CreateAndSetChildDomain (40ms)
	RebuildCommonClasses (33ms)
	RebuildNativeTypeToScriptingClass (11ms)
	initialDomainReloadingComplete (28ms)
	LoadAllAssembliesAndSetupDomain (357ms)
		LoadAssemblies (308ms)
		RebuildTransferFunctionScriptingTraits (0ms)
		AnalyzeDomain (145ms)
			TypeCache.Refresh (9ms)
				TypeCache.ScanAssembly (1ms)
			BuildScriptInfoCaches (129ms)
			ResolveRequiredComponents (4ms)
	FinalizeReload (571ms)
		ReleaseScriptCaches (0ms)
		RebuildScriptCaches (0ms)
		SetupLoadedEditorAssemblies (446ms)
			LogAssemblyErrors (0ms)
			InitializePlatformSupportModulesInManaged (2ms)
			SetLoadedEditorAssemblies (5ms)
			BeforeProcessingInitializeOnLoad (100ms)
			ProcessInitializeOnLoadAttributes (295ms)
			ProcessInitializeOnLoadMethodAttributes (39ms)
			AfterProcessingInitializeOnLoad (4ms)
			EditorAssembliesLoaded (0ms)
		ExecutionOrderSort2 (0ms)
		AwakeInstancesAfterBackupRestoration (7ms)
Refreshing native plugins compatible for Editor in 1.37 ms, found 4 plugins.
Preloading 0 native plugins for Editor in 0.00 ms.
Unloading 0 Unused Serialized files (Serialized files now loaded: 0)
Unloading 4309 unused Assets / (0.9 MB). Loaded Objects now: 4818.
Memory consumption went from 87.4 MB to 86.5 MB.
Total: 5.890500 ms (FindLiveObjects: 0.372400 ms CreateObjectMapping: 0.340600 ms MarkObjects: 3.974800 ms  DeleteObjects: 1.201600 ms)

Prepare: number of updated asset objects reloaded= 0
========================================================================
Received Import Request.
  Time since last request: 165090.271673 seconds.
  path: Assets/Simple Buttons/Buttons Style 1 (Rounded Purple)/ButtonsStyle1_03.png
  artifactKey: Guid(962d7198201944448a51b2b57b954427) Importer(815301076,1909f56bfc062723c751e8b465ee728b)
Start importing Assets/Simple Buttons/Buttons Style 1 (Rounded Purple)/ButtonsStyle1_03.png using Guid(962d7198201944448a51b2b57b954427) Importer(815301076,1909f56bfc062723c751e8b465ee728b) (PreviewImporter) -> (artifact id: '5f018917786a68152dc86557a9488f7d') in 0.1321011 seconds
Number of updated asset objects reloaded before import = 0Number of asset objects unloaded after import = 3

========================================================================
Received Import Request.
  Time since last request: 0.000030 seconds.
  path: Assets/Simple Buttons/Buttons Style 1 (Rounded Purple)/ButtonsStyle1_06.png
  artifactKey: Guid(7bc8c39dc5d0dad4fb8cb25c945e617d) Importer(815301076,1909f56bfc062723c751e8b465ee728b)
Start importing Assets/Simple Buttons/Buttons Style 1 (Rounded Purple)/ButtonsStyle1_06.png using Guid(7bc8c39dc5d0dad4fb8cb25c945e617d) Importer(815301076,1909f56bfc062723c751e8b465ee728b) (PreviewImporter) -> (artifact id: '74df88b922db038475a232dd2a650229') in 0.0191266 seconds
Number of updated asset objects reloaded before import = 0Number of asset objects unloaded after import = 3

========================================================================
Received Import Request.
  Time since last request: 0.000019 seconds.
  path: Assets/Simple Buttons/Buttons Style 1 (Rounded Purple)/ButtonsStyle1_14.png
  artifactKey: Guid(aef08c4eb1e0fc34fa5914ce321ca876) Importer(815301076,1909f56bfc062723c751e8b465ee728b)
Start importing Assets/Simple Buttons/Buttons Style 1 (Rounded Purple)/ButtonsStyle1_14.png using Guid(aef08c4eb1e0fc34fa5914ce321ca876) Importer(815301076,1909f56bfc062723c751e8b465ee728b) (PreviewImporter) -> (artifact id: 'f950465411f66b45c7d9ef3a7a54552e') in 0.0244055 seconds
Number of updated asset objects reloaded before import = 0Number of asset objects unloaded after import = 3

========================================================================
Received Import Request.
  Time since last request: 0.000028 seconds.
  path: Assets/Simple Buttons/Buttons Style 1 (Rounded Purple)/ButtonsStyle1_04.png
  artifactKey: Guid(8963a9425e952d240b5ff86c34cebc65) Importer(815301076,1909f56bfc062723c751e8b465ee728b)
Start importing Assets/Simple Buttons/Buttons Style 1 (Rounded Purple)/ButtonsStyle1_04.png using Guid(8963a9425e952d240b5ff86c34cebc65) Importer(815301076,1909f56bfc062723c751e8b465ee728b) (PreviewImporter) -> (artifact id: '3e5a1cf7234eb342e4e044b48a85b56f') in 0.0233649 seconds
Number of updated asset objects reloaded before import = 0Number of asset objects unloaded after import = 3

========================================================================
Received Import Request.
  Time since last request: 0.000068 seconds.
  path: Assets/Simple Buttons/Buttons Style 1 (Rounded Purple)/ButtonsStyle1_17.png
  artifactKey: Guid(0b6ee167d60e08d41808b5efd5517964) Importer(815301076,1909f56bfc062723c751e8b465ee728b)
Start importing Assets/Simple Buttons/Buttons Style 1 (Rounded Purple)/ButtonsStyle1_17.png using Guid(0b6ee167d60e08d41808b5efd5517964) Importer(815301076,1909f56bfc062723c751e8b465ee728b) (PreviewImporter) -> (artifact id: '8fd89e6d13e985a2e48d6aa34cb74859') in 0.0337578 seconds
Number of updated asset objects reloaded before import = 0Number of asset objects unloaded after import = 3

========================================================================
Received Import Request.
  Time since last request: 0.000033 seconds.
  path: Assets/Simple Buttons/Buttons Style 1 (Rounded Purple)/ButtonsStyle1_07.png
  artifactKey: Guid(ffa70af4cf7cbed45abd22050f3d4a0e) Importer(815301076,1909f56bfc062723c751e8b465ee728b)
Start importing Assets/Simple Buttons/Buttons Style 1 (Rounded Purple)/ButtonsStyle1_07.png using Guid(ffa70af4cf7cbed45abd22050f3d4a0e) Importer(815301076,1909f56bfc062723c751e8b465ee728b) (PreviewImporter) -> (artifact id: '49cf3f878265f61a7332441c2846d11d') in 0.0187866 seconds
Number of updated asset objects reloaded before import = 0Number of asset objects unloaded after import = 3

========================================================================
Received Import Request.
  Time since last request: 0.000042 seconds.
  path: Assets/Simple Buttons/Buttons Style 1 (Rounded Purple)/ButtonsStyle1_13.png
  artifactKey: Guid(d8db4a8b7af7f9c4aabebd731eab9ab4) Importer(815301076,1909f56bfc062723c751e8b465ee728b)
Start importing Assets/Simple Buttons/Buttons Style 1 (Rounded Purple)/ButtonsStyle1_13.png using Guid(d8db4a8b7af7f9c4aabebd731eab9ab4) Importer(815301076,1909f56bfc062723c751e8b465ee728b) (PreviewImporter) -> (artifact id: '0d36989835d2314bd099aad39698be8b') in 0.0216286 seconds
Number of updated asset objects reloaded before import = 0Number of asset objects unloaded after import = 3

========================================================================
Received Import Request.
  Time since last request: 0.000108 seconds.
  path: Assets/Simple Buttons/Buttons Style 1 (Rounded Purple)/ButtonsStyle1_26.png
  artifactKey: Guid(ee7175e3f8d26cd4384570f9efeef9d5) Importer(815301076,1909f56bfc062723c751e8b465ee728b)
Start importing Assets/Simple Buttons/Buttons Style 1 (Rounded Purple)/ButtonsStyle1_26.png using Guid(ee7175e3f8d26cd4384570f9efeef9d5) Importer(815301076,1909f56bfc062723c751e8b465ee728b) (PreviewImporter) -> (artifact id: 'e22ddaf9ece07f431f6db1423828af5c') in 0.0208758 seconds
Number of updated asset objects reloaded before import = 0Number of asset objects unloaded after import = 3

========================================================================
Received Import Request.
  Time since last request: 0.000022 seconds.
  path: Assets/Simple Buttons/Buttons Style 1 (Rounded Purple)/ButtonsStyle1_24.png
  artifactKey: Guid(64f590f9d40bd3647bcb12fa59410539) Importer(815301076,1909f56bfc062723c751e8b465ee728b)
Start importing Assets/Simple Buttons/Buttons Style 1 (Rounded Purple)/ButtonsStyle1_24.png using Guid(64f590f9d40bd3647bcb12fa59410539) Importer(815301076,1909f56bfc062723c751e8b465ee728b) (PreviewImporter) -> (artifact id: '127113cf79efb67ccb06c2ffd7503555') in 0.0245014 seconds
Number of updated asset objects reloaded before import = 0Number of asset objects unloaded after import = 3

========================================================================
Received Import Request.
  Time since last request: 0.000028 seconds.
  path: Assets/Simple Buttons/Buttons Style 1 (Rounded Purple)/ButtonsStyle1_19.png
  artifactKey: Guid(2038e8f030f826d4884965f2b0785ca7) Importer(815301076,1909f56bfc062723c751e8b465ee728b)
Start importing Assets/Simple Buttons/Buttons Style 1 (Rounded Purple)/ButtonsStyle1_19.png using Guid(2038e8f030f826d4884965f2b0785ca7) Importer(815301076,1909f56bfc062723c751e8b465ee728b) (PreviewImporter) -> (artifact id: '3c28c95f535ec13b243216506a310e5d') in 0.0325682 seconds
Number of updated asset objects reloaded before import = 0Number of asset objects unloaded after import = 3

========================================================================
Received Import Request.
  Time since last request: 0.000021 seconds.
  path: Assets/Simple Buttons/Buttons Style 1 (Rounded Purple)/ButtonsStyle1_22.png
  artifactKey: Guid(e6dfeec9339e2a54795e2f555415460a) Importer(815301076,1909f56bfc062723c751e8b465ee728b)
Start importing Assets/Simple Buttons/Buttons Style 1 (Rounded Purple)/ButtonsStyle1_22.png using Guid(e6dfeec9339e2a54795e2f555415460a) Importer(815301076,1909f56bfc062723c751e8b465ee728b) (PreviewImporter) -> (artifact id: 'e35b942b5093fa1b3336635963d5d282') in 0.0187648 seconds
Number of updated asset objects reloaded before import = 0Number of asset objects unloaded after import = 3

========================================================================
Received Import Request.
  Time since last request: 0.000016 seconds.
  path: Assets/Simple Buttons/Buttons Style 1 (Rounded Purple)/ButtonsStyle1_05.png
  artifactKey: Guid(dc5ad746fea7faa4d9d8ff37ae8294c3) Importer(815301076,1909f56bfc062723c751e8b465ee728b)
Start importing Assets/Simple Buttons/Buttons Style 1 (Rounded Purple)/ButtonsStyle1_05.png using Guid(dc5ad746fea7faa4d9d8ff37ae8294c3) Importer(815301076,1909f56bfc062723c751e8b465ee728b) (PreviewImporter) -> (artifact id: '8397ce10df8773dff082579023a732cc') in 0.0227987 seconds
Number of updated asset objects reloaded before import = 0Number of asset objects unloaded after import = 3

Editor requested this worker to shutdown with reason: Scaling down because of idle timeout
AssetImportWorker is now disconnected from the server
Process exiting
Exiting without the bug reporter. Application will terminate with return code 0